{"/Users/myFile/学习/webpack/webpack-demo-project/builder-webpack/lib/webpack.base.js":{"path":"/Users/myFile/学习/webpack/webpack-demo-project/builder-webpack/lib/webpack.base.js","s":{"1":1,"2":1,"3":1,"4":1,"5":1,"6":1,"7":1,"8":1,"9":1,"10":1,"11":1,"12":1,"13":1,"14":2,"15":2,"16":2,"17":2,"18":2,"19":1,"20":1,"21":1,"22":0,"23":0,"24":0,"25":0},"b":{"1":[1,0],"2":[2,0],"3":[2,2,2],"4":[0,0],"5":[0,0,0]},"f":{"1":1,"2":0},"fnMap":{"1":{"name":"getModule","line":17,"loc":{"start":{"line":17,"column":0},"end":{"line":17,"column":36}}},"2":{"name":"(anonymous_2)","line":134,"loc":{"start":{"line":134,"column":4},"end":{"line":134,"column":16}}}},"statementMap":{"1":{"start":{"line":1,"column":0},"end":{"line":1,"column":29}},"2":{"start":{"line":2,"column":0},"end":{"line":2,"column":29}},"3":{"start":{"line":5,"column":0},"end":{"line":5,"column":57}},"4":{"start":{"line":6,"column":0},"end":{"line":6,"column":64}},"5":{"start":{"line":7,"column":0},"end":{"line":7,"column":63}},"6":{"start":{"line":8,"column":0},"end":{"line":8,"column":78}},"7":{"start":{"line":10,"column":0},"end":{"line":10,"column":34}},"8":{"start":{"line":17,"column":0},"end":{"line":54,"column":1}},"9":{"start":{"line":18,"column":2},"end":{"line":18,"column":19}},"10":{"start":{"line":19,"column":2},"end":{"line":19,"column":25}},"11":{"start":{"line":21,"column":2},"end":{"line":21,"column":56}},"12":{"start":{"line":24,"column":2},"end":{"line":24,"column":86}},"13":{"start":{"line":26,"column":2},"end":{"line":48,"column":3}},"14":{"start":{"line":28,"column":4},"end":{"line":28,"column":92}},"15":{"start":{"line":29,"column":4},"end":{"line":47,"column":5}},"16":{"start":{"line":30,"column":6},"end":{"line":30,"column":38}},"17":{"start":{"line":31,"column":6},"end":{"line":31,"column":58}},"18":{"start":{"line":32,"column":6},"end":{"line":46,"column":10}},"19":{"start":{"line":50,"column":2},"end":{"line":53,"column":4}},"20":{"start":{"line":56,"column":0},"end":{"line":59,"column":16}},"21":{"start":{"line":61,"column":0},"end":{"line":149,"column":2}},"22":{"start":{"line":135,"column":6},"end":{"line":140,"column":9}},"23":{"start":{"line":136,"column":8},"end":{"line":139,"column":9}},"24":{"start":{"line":137,"column":10},"end":{"line":137,"column":39}},"25":{"start":{"line":138,"column":10},"end":{"line":138,"column":26}}},"branchMap":{"1":{"line":21,"type":"cond-expr","locations":[{"start":{"line":21,"column":39},"end":{"line":21,"column":44}},{"start":{"line":21,"column":47},"end":{"line":21,"column":55}}]},"2":{"line":29,"type":"if","locations":[{"start":{"line":29,"column":4},"end":{"line":29,"column":4}},{"start":{"line":29,"column":4},"end":{"line":29,"column":4}}]},"3":{"line":29,"type":"binary-expr","locations":[{"start":{"line":29,"column":8},"end":{"line":29,"column":17}},{"start":{"line":29,"column":21},"end":{"line":29,"column":33}},{"start":{"line":29,"column":37},"end":{"line":29,"column":71}}]},"4":{"line":136,"type":"if","locations":[{"start":{"line":136,"column":8},"end":{"line":136,"column":8}},{"start":{"line":136,"column":8},"end":{"line":136,"column":8}}]},"5":{"line":136,"type":"binary-expr","locations":[{"start":{"line":136,"column":12},"end":{"line":136,"column":36}},{"start":{"line":136,"column":40},"end":{"line":136,"column":71}},{"start":{"line":136,"column":75},"end":{"line":136,"column":113}}]}}}}