TN:
SF:/Users/myFile/学习/webpack/webpack-demo-project/builder-webpack/lib/webpack.base.js
FN:17,getModule
FN:134,(anonymous_2)
FNF:2
FNH:1
FNDA:1,getModule
FNDA:0,(anonymous_2)
DA:1,1
DA:2,1
DA:5,1
DA:6,1
DA:7,1
DA:8,1
DA:10,1
DA:17,1
DA:18,1
DA:19,1
DA:21,1
DA:24,1
DA:26,1
DA:28,2
DA:29,2
DA:30,2
DA:31,2
DA:32,2
DA:50,1
DA:56,1
DA:61,1
DA:135,0
DA:136,0
DA:137,0
DA:138,0
LF:25
LH:21
BRDA:21,1,0,1
BRDA:21,1,1,0
BRDA:29,2,0,2
BRDA:29,2,1,0
BRDA:29,3,0,2
BRDA:29,3,1,2
BRDA:29,3,2,2
BRDA:136,4,0,0
BRDA:136,4,1,0
BRDA:136,5,0,0
BRDA:136,5,1,0
BRDA:136,5,2,0
BRF:12
BRH:5
end_of_record
